0 info it worked if it ends with ok
1 verbose cli [ '/usr/bin/nodejs', '/usr/bin/npm', 'start' ]
2 info using npm@3.9.5
3 info using node@v6.2.2
4 verbose run-script [ 'prestart', 'start', 'poststart' ]
5 info lifecycle Meganote@0.6.0~prestart: Meganote@0.6.0
6 verbose lifecycle Meganote@0.6.0~prestart: unsafe-perm in lifecycle true
7 verbose lifecycle Meganote@0.6.0~prestart: PATH: /usr/lib/node_modules/npm/bin/node-gyp-bin:/home/mketiku/Projects/meganote/node_modules/.bin:/usr/bin:/usr/local/heroku/bin:/usr/local/sbin:/usr/local/bin:/usr/sbin:/usr/bin:/sbin:/bin:/usr/games:/usr/local/games:/snap/bin:/snap/bin:/home/mketiku/.local/bin:/home/mketiku/bin
8 verbose lifecycle Meganote@0.6.0~prestart: CWD: /home/mketiku/Projects/meganote
9 silly lifecycle Meganote@0.6.0~prestart: Args: [ '-c', 'npm install' ]
10 silly lifecycle Meganote@0.6.0~prestart: Returned: code: 0  signal: null
11 info lifecycle Meganote@0.6.0~start: Meganote@0.6.0
12 verbose lifecycle Meganote@0.6.0~start: unsafe-perm in lifecycle true
13 verbose lifecycle Meganote@0.6.0~start: PATH: /usr/lib/node_modules/npm/bin/node-gyp-bin:/home/mketiku/Projects/meganote/node_modules/.bin:/usr/bin:/usr/local/heroku/bin:/usr/local/sbin:/usr/local/bin:/usr/sbin:/usr/bin:/sbin:/bin:/usr/games:/usr/local/games:/snap/bin:/snap/bin:/home/mketiku/.local/bin:/home/mketiku/bin
14 verbose lifecycle Meganote@0.6.0~start: CWD: /home/mketiku/Projects/meganote
15 silly lifecycle Meganote@0.6.0~start: Args: [ '-c', 'gulp' ]
16 silly lifecycle Meganote@0.6.0~start: Returned: code: 1  signal: null
17 info lifecycle Meganote@0.6.0~start: Failed to exec start script
18 verbose stack Error: Meganote@0.6.0 start: `gulp`
18 verbose stack Exit status 1
18 verbose stack     at EventEmitter.<anonymous> (/usr/lib/node_modules/npm/lib/utils/lifecycle.js:245:16)
18 verbose stack     at emitTwo (events.js:106:13)
18 verbose stack     at EventEmitter.emit (events.js:191:7)
18 verbose stack     at ChildProcess.<anonymous> (/usr/lib/node_modules/npm/lib/utils/spawn.js:24:14)
18 verbose stack     at emitTwo (events.js:106:13)
18 verbose stack     at ChildProcess.emit (events.js:191:7)
18 verbose stack     at maybeClose (internal/child_process.js:852:16)
18 verbose stack     at Process.ChildProcess._handle.onexit (internal/child_process.js:215:5)
19 verbose pkgid Meganote@0.6.0
20 verbose cwd /home/mketiku/Projects/meganote
21 error Linux 4.4.0-28-generic
22 error argv "/usr/bin/nodejs" "/usr/bin/npm" "start"
23 error node v6.2.2
24 error npm  v3.9.5
25 error code ELIFECYCLE
26 error Meganote@0.6.0 start: `gulp`
26 error Exit status 1
27 error Failed at the Meganote@0.6.0 start script 'gulp'.
27 error Make sure you have the latest version of node.js and npm installed.
27 error If you do, this is most likely a problem with the Meganote package,
27 error not with npm itself.
27 error Tell the author that this fails on your system:
27 error     gulp
27 error You can get information on how to open an issue for this project with:
27 error     npm bugs Meganote
27 error Or if that isn't available, you can get their info via:
27 error     npm owner ls Meganote
27 error There is likely additional logging output above.
28 verbose exit [ 1, true ]
